[ 2017-01-16T09:27:11+08:00 ] ::1 /admin.php
INFO: [ app_init ] --START--
INFO: Run Behavior\BuildLiteBehavior [ RunTime:0.000000s ]
INFO: [ app_init ] --END-- [ RunTime:0.001000s ]
INFO: [ app_begin ] --START--
INFO: Run Behavior\ReadHtmlCacheBehavior [ RunTime:0.001000s ]
INFO: [ app_begin ] --END-- [ RunTime:0.001000s ]

[ 2017-01-16T09:27:11+08:00 ] ::1 /admin.php/Login.html
INFO: [ app_init ] --START--
INFO: Run Behavior\BuildLiteBehavior [ RunTime:0.000000s ]
INFO: [ app_init ] --END-- [ RunTime:0.000000s ]
INFO: [ app_begin ] --START--
INFO: Run Behavior\ReadHtmlCacheBehavior [ RunTime:0.001000s ]
INFO: [ app_begin ] --END-- [ RunTime:0.001000s ]
INFO: [ view_parse ] --START--
INFO: [ template_filter ] --START--
INFO: Run Behavior\ContentReplaceBehavior [ RunTime:0.000000s ]
INFO: [ template_filter ] --END-- [ RunTime:0.000000s ]
INFO: Run Behavior\ParseTemplateBehavior [ RunTime:0.012000s ]
INFO: [ view_parse ] --END-- [ RunTime:0.012000s ]
INFO: [ view_filter ] --START--
INFO: Run Behavior\WriteHtmlCacheBehavior [ RunTime:0.001000s ]
INFO: [ view_filter ] --END-- [ RunTime:0.001000s ]
INFO: [ app_end ] --START--
INFO: Run Behavior\ShowPageTraceBehavior [ RunTime:0.001000s ]
INFO: [ app_end ] --END-- [ RunTime:0.001000s ]

[ 2017-01-16T09:27:20+08:00 ] ::1 /admin.php/Login/CheckLogin.html
INFO: [ app_init ] --START--
INFO: Run Behavior\BuildLiteBehavior [ RunTime:0.000000s ]
INFO: [ app_init ] --END-- [ RunTime:0.001000s ]
INFO: [ app_begin ] --START--
INFO: Run Behavior\ReadHtmlCacheBehavior [ RunTime:0.001000s ]
INFO: [ app_begin ] --END-- [ RunTime:0.001000s ]
SQL: SHOW COLUMNS FROM `jw_admin_group` [ RunTime:0.0330s ]
SQL: SHOW COLUMNS FROM `jw_admin` [ RunTime:0.0300s ]
SQL: SELECT * FROM `jw_admin` WHERE `username` = 'ht' AND `password` = '21232f297a57a5a743894a0e4a801fc3' LIMIT 1   [ RunTime:0.0010s ]
SQL: SELECT `catearr` FROM `jw_admin_group` WHERE ( id=1 ) LIMIT 1   [ RunTime:0.0010s ]
SQL: SELECT `name` FROM `jw_admin_group` WHERE ( id=1 ) LIMIT 1   [ RunTime:0.0010s ]

[ 2017-01-16T09:27:22+08:00 ] ::1 /admin.php/Index.html
INFO: [ app_init ] --START--
INFO: Run Behavior\BuildLiteBehavior [ RunTime:0.000000s ]
INFO: [ app_init ] --END-- [ RunTime:0.000000s ]
INFO: [ app_begin ] --START--
INFO: Run Behavior\ReadHtmlCacheBehavior [ RunTime:0.001000s ]
INFO: [ app_begin ] --END-- [ RunTime:0.001000s ]
SQL: SHOW COLUMNS FROM `jw_admin_menu` [ RunTime:0.0660s ]
SQL: SELECT * FROM `jw_admin_menu` WHERE ( 1=1 ) ORDER BY pid asc,taxis desc  [ RunTime:0.0090s ]
SQL: SHOW COLUMNS FROM `jw_order` [ RunTime:0.0100s ]
SQL: SELECT COUNT(*) AS tp_count FROM `jw_order` LIMIT 1   [ RunTime:0.0170s ]
SQL: SHOW COLUMNS FROM `jw_user` [ RunTime:0.0160s ]
SQL: SELECT COUNT(*) AS tp_count FROM `jw_user` LIMIT 1   [ RunTime:0.0000s ]
SQL: SHOW COLUMNS FROM `jw_goods` [ RunTime:0.0240s ]
SQL: SELECT COUNT(*) AS tp_count FROM `jw_goods` LIMIT 1   [ RunTime:0.0010s ]
INFO: [ view_parse ] --START--
SQL: SELECT * FROM `jw_admin_menu` WHERE ( 1=1 ) ORDER BY pid asc,taxis desc  [ RunTime:0.0010s ]
SQL: SHOW COLUMNS FROM `jw_category` [ RunTime:0.0090s ]
SQL: SELECT `id` FROM `jw_category` WHERE ( pid=15 )  [ RunTime:0.0010s ]
SQL: SELECT `id` FROM `jw_category` WHERE ( pid=11 )  [ RunTime:0.0010s ]
INFO: [ template_filter ] --START--
INFO: Run Behavior\ContentReplaceBehavior [ RunTime:0.001000s ]
INFO: [ template_filter ] --END-- [ RunTime:0.001000s ]
NOTIC: [8] Undefined variable: rs D:\WWW\ked\Application\Runtime\Cache\Admin\93f54781c7585ff56fec54bd6dd0bdc6.php 第 95 行.
NOTIC: [8] Undefined index: submenu D:\WWW\ked\Application\Runtime\Cache\Admin\93f54781c7585ff56fec54bd6dd0bdc6.php 第 131 行.
NOTIC: [8] Undefined index: submenu D:\WWW\ked\Application\Runtime\Cache\Admin\93f54781c7585ff56fec54bd6dd0bdc6.php 第 131 行.
NOTIC: [8] Undefined index: submenu D:\WWW\ked\Application\Runtime\Cache\Admin\93f54781c7585ff56fec54bd6dd0bdc6.php 第 131 行.
NOTIC: [8] Undefined index: submenu D:\WWW\ked\Application\Runtime\Cache\Admin\93f54781c7585ff56fec54bd6dd0bdc6.php 第 131 行.
NOTIC: [8] Undefined index: submenu D:\WWW\ked\Application\Runtime\Cache\Admin\93f54781c7585ff56fec54bd6dd0bdc6.php 第 131 行.
NOTIC: [8] Undefined variable: rs D:\WWW\ked\Application\Runtime\Cache\Admin\93f54781c7585ff56fec54bd6dd0bdc6.php 第 95 行.
NOTIC: [8] Undefined index: submenu D:\WWW\ked\Application\Runtime\Cache\Admin\93f54781c7585ff56fec54bd6dd0bdc6.php 第 98 行.
NOTIC: [8] Undefined index: submenu D:\WWW\ked\Application\Runtime\Cache\Admin\93f54781c7585ff56fec54bd6dd0bdc6.php 第 129 行.
NOTIC: [8] Undefined variable: rs D:\WWW\ked\Application\Runtime\Cache\Admin\93f54781c7585ff56fec54bd6dd0bdc6.php 第 95 行.
NOTIC: [8] Undefined index: submenu D:\WWW\ked\Application\Runtime\Cache\Admin\93f54781c7585ff56fec54bd6dd0bdc6.php 第 98 行.
NOTIC: [8] Undefined variable: focusid D:\WWW\ked\Application\Runtime\Cache\Admin\93f54781c7585ff56fec54bd6dd0bdc6.php 第 106 行.
SQL: SELECT * FROM `jw_category` WHERE ( 1=1 ) ORDER BY pid asc,taxis desc  [ RunTime:0.0010s ]
NOTIC: [8] Undefined variable: pidarr D:\WWW\ked\Application\Admin\Common\function.php 第 123 行.
NOTIC: [2] in_array() expects parameter 2 to be array, null given D:\WWW\ked\Application\Admin\Common\function.php 第 123 行.
NOTIC: [8] Undefined variable: pidarr D:\WWW\ked\Application\Admin\Common\function.php 第 123 行.
NOTIC: [2] in_array() expects parameter 2 to be array, null given D:\WWW\ked\Application\Admin\Common\function.php 第 123 行.
NOTIC: [8] Undefined variable: pidarr D:\WWW\ked\Application\Admin\Common\function.php 第 123 行.
NOTIC: [2] in_array() expects parameter 2 to be array, null given D:\WWW\ked\Application\Admin\Common\function.php 第 123 行.
NOTIC: [8] Undefined variable: pidarr D:\WWW\ked\Application\Admin\Common\function.php 第 123 行.
NOTIC: [2] in_array() expects parameter 2 to be array, null given D:\WWW\ked\Application\Admin\Common\function.php 第 123 行.
NOTIC: [8] Undefined variable: pidarr D:\WWW\ked\Application\Admin\Common\function.php 第 123 行.
NOTIC: [2] in_array() expects parameter 2 to be array, null given D:\WWW\ked\Application\Admin\Common\function.php 第 123 行.
NOTIC: [8] Undefined variable: pidarr D:\WWW\ked\Application\Admin\Common\function.php 第 123 行.
NOTIC: [2] in_array() expects parameter 2 to be array, null given D:\WWW\ked\Application\Admin\Common\function.php 第 123 行.
NOTIC: [8] Undefined variable: pidarr D:\WWW\ked\Application\Admin\Common\function.php 第 123 行.
NOTIC: [2] in_array() expects parameter 2 to be array, null given D:\WWW\ked\Application\Admin\Common\function.php 第 123 行.
NOTIC: [8] Undefined variable: pidarr D:\WWW\ked\Application\Admin\Common\function.php 第 123 行.
NOTIC: [2] in_array() expects parameter 2 to be array, null given D:\WWW\ked\Application\Admin\Common\function.php 第 123 行.
NOTIC: [8] Undefined variable: pidarr D:\WWW\ked\Application\Admin\Common\function.php 第 123 行.
NOTIC: [2] in_array() expects parameter 2 to be array, null given D:\WWW\ked\Application\Admin\Common\function.php 第 123 行.
NOTIC: [8] Undefined variable: pidarr D:\WWW\ked\Application\Admin\Common\function.php 第 123 行.
NOTIC: [2] in_array() expects parameter 2 to be array, null given D:\WWW\ked\Application\Admin\Common\function.php 第 123 行.
NOTIC: [8] Undefined variable: pidarr D:\WWW\ked\Application\Admin\Common\function.php 第 123 行.
NOTIC: [2] in_array() expects parameter 2 to be array, null given D:\WWW\ked\Application\Admin\Common\function.php 第 123 行.
NOTIC: [8] Undefined variable: pidarr D:\WWW\ked\Application\Admin\Common\function.php 第 123 行.
NOTIC: [2] in_array() expects parameter 2 to be array, null given D:\WWW\ked\Application\Admin\Common\function.php 第 123 行.
NOTIC: [8] Undefined variable: pidarr D:\WWW\ked\Application\Admin\Common\function.php 第 123 行.
NOTIC: [2] in_array() expects parameter 2 to be array, null given D:\WWW\ked\Application\Admin\Common\function.php 第 123 行.
NOTIC: [8] Undefined variable: pidarr D:\WWW\ked\Application\Admin\Common\function.php 第 123 行.
NOTIC: [2] in_array() expects parameter 2 to be array, null given D:\WWW\ked\Application\Admin\Common\function.php 第 123 行.
NOTIC: [8] Undefined variable: pidarr D:\WWW\ked\Application\Admin\Common\function.php 第 123 行.
NOTIC: [2] in_array() expects parameter 2 to be array, null given D:\WWW\ked\Application\Admin\Common\function.php 第 123 行.
NOTIC: [8] Undefined variable: pidarr D:\WWW\ked\Application\Admin\Common\function.php 第 123 行.
NOTIC: [2] in_array() expects parameter 2 to be array, null given D:\WWW\ked\Application\Admin\Common\function.php 第 123 行.
NOTIC: [8] Undefined variable: pidarr D:\WWW\ked\Application\Admin\Common\function.php 第 123 行.
NOTIC: [2] in_array() expects parameter 2 to be array, null given D:\WWW\ked\Application\Admin\Common\function.php 第 123 行.
NOTIC: [8] Undefined variable: pidarr D:\WWW\ked\Application\Admin\Common\function.php 第 123 行.
NOTIC: [2] in_array() expects parameter 2 to be array, null given D:\WWW\ked\Application\Admin\Common\function.php 第 123 行.
NOTIC: [8] Undefined variable: pidarr D:\WWW\ked\Application\Admin\Common\function.php 第 123 行.
NOTIC: [2] in_array() expects parameter 2 to be array, null given D:\WWW\ked\Application\Admin\Common\function.php 第 123 行.
NOTIC: [8] Undefined variable: pidarr D:\WWW\ked\Application\Admin\Common\function.php 第 123 行.
NOTIC: [2] in_array() expects parameter 2 to be array, null given D:\WWW\ked\Application\Admin\Common\function.php 第 123 行.
NOTIC: [8] Undefined variable: pidarr D:\WWW\ked\Application\Admin\Common\function.php 第 123 行.
NOTIC: [2] in_array() expects parameter 2 to be array, null given D:\WWW\ked\Application\Admin\Common\function.php 第 123 行.
NOTIC: [8] Undefined variable: pidarr D:\WWW\ked\Application\Admin\Common\function.php 第 123 行.
NOTIC: [2] in_array() expects parameter 2 to be array, null given D:\WWW\ked\Application\Admin\Common\function.php 第 123 行.
NOTIC: [8] Undefined variable: pidarr D:\WWW\ked\Application\Admin\Common\function.php 第 123 行.
NOTIC: [2] in_array() expects parameter 2 to be array, null given D:\WWW\ked\Application\Admin\Common\function.php 第 123 行.
NOTIC: [8] Undefined variable: pidarr D:\WWW\ked\Application\Admin\Common\function.php 第 123 行.
NOTIC: [2] in_array() expects parameter 2 to be array, null given D:\WWW\ked\Application\Admin\Common\function.php 第 123 行.
NOTIC: [8] Undefined variable: pidarr D:\WWW\ked\Application\Admin\Common\function.php 第 123 行.
NOTIC: [2] in_array() expects parameter 2 to be array, null given D:\WWW\ked\Application\Admin\Common\function.php 第 123 行.
NOTIC: [8] Undefined variable: pidarr D:\WWW\ked\Application\Admin\Common\function.php 第 123 行.
NOTIC: [2] in_array() expects parameter 2 to be array, null given D:\WWW\ked\Application\Admin\Common\function.php 第 123 行.
NOTIC: [8] Undefined variable: pidarr D:\WWW\ked\Application\Admin\Common\function.php 第 123 行.
NOTIC: [2] in_array() expects parameter 2 to be array, null given D:\WWW\ked\Application\Admin\Common\function.php 第 123 行.
NOTIC: [8] Undefined variable: pidarr D:\WWW\ked\Application\Admin\Common\function.php 第 123 行.
NOTIC: [2] in_array() expects parameter 2 to be array, null given D:\WWW\ked\Application\Admin\Common\function.php 第 123 行.
NOTIC: [8] Undefined variable: pidarr D:\WWW\ked\Application\Admin\Common\function.php 第 123 行.
NOTIC: [2] in_array() expects parameter 2 to be array, null given D:\WWW\ked\Application\Admin\Common\function.php 第 123 行.
NOTIC: [8] Undefined variable: pidarr D:\WWW\ked\Application\Admin\Common\function.php 第 123 行.
NOTIC: [2] in_array() expects parameter 2 to be array, null given D:\WWW\ked\Application\Admin\Common\function.php 第 123 行.
NOTIC: [8] Undefined variable: pidarr D:\WWW\ked\Application\Admin\Common\function.php 第 123 行.
NOTIC: [2] in_array() expects parameter 2 to be array, null given D:\WWW\ked\Application\Admin\Common\function.php 第 123 行.
NOTIC: [8] Use of undefined constant submenu - assumed 'submenu' D:\WWW\ked\Application\Runtime\Cache\Admin\93f54781c7585ff56fec54bd6dd0bdc6.php 第 112 行.
NOTIC: [8] Use of undefined constant submenu - assumed 'submenu' D:\WWW\ked\Application\Runtime\Cache\Admin\93f54781c7585ff56fec54bd6dd0bdc6.php 第 113 行.
NOTIC: [8] Use of undefined constant submenu - assumed 'submenu' D:\WWW\ked\Application\Runtime\Cache\Admin\93f54781c7585ff56fec54bd6dd0bdc6.php 第 113 行.
NOTIC: [8] Use of undefined constant submenu - assumed 'submenu' D:\WWW\ked\Application\Runtime\Cache\Admin\93f54781c7585ff56fec54bd6dd0bdc6.php 第 115 行.
NOTIC: [8] Undefined index: submenu D:\WWW\ked\Application\Runtime\Cache\Admin\93f54781c7585ff56fec54bd6dd0bdc6.php 第 115 行.
NOTIC: [8] Use of undefined constant submenu - assumed 'submenu' D:\WWW\ked\Application\Runtime\Cache\Admin\93f54781c7585ff56fec54bd6dd0bdc6.php 第 115 行.
NOTIC: [8] Undefined index: submenu D:\WWW\ked\Application\Runtime\Cache\Admin\93f54781c7585ff56fec54bd6dd0bdc6.php 第 115 行.
NOTIC: [8] Use of undefined constant submenu - assumed 'submenu' D:\WWW\ked\Application\Runtime\Cache\Admin\93f54781c7585ff56fec54bd6dd0bdc6.php 第 115 行.
NOTIC: [8] Undefined index: submenu D:\WWW\ked\Application\Runtime\Cache\Admin\93f54781c7585ff56fec54bd6dd0bdc6.php 第 115 行.
NOTIC: [8] Use of undefined constant submenu - assumed 'submenu' D:\WWW\ked\Application\Runtime\Cache\Admin\93f54781c7585ff56fec54bd6dd0bdc6.php 第 115 行.
NOTIC: [8] Undefined index: submenu D:\WWW\ked\Application\Runtime\Cache\Admin\93f54781c7585ff56fec54bd6dd0bdc6.php 第 115 行.
NOTIC: [8] Use of undefined constant submenu - assumed 'submenu' D:\WWW\ked\Application\Runtime\Cache\Admin\93f54781c7585ff56fec54bd6dd0bdc6.php 第 112 行.
NOTIC: [8] Use of undefined constant submenu - assumed 'submenu' D:\WWW\ked\Application\Runtime\Cache\Admin\93f54781c7585ff56fec54bd6dd0bdc6.php 第 113 行.
NOTIC: [8] Use of undefined constant submenu - assumed 'submenu' D:\WWW\ked\Application\Runtime\Cache\Admin\93f54781c7585ff56fec54bd6dd0bdc6.php 第 113 行.
NOTIC: [8] Use of undefined constant submenu - assumed 'submenu' D:\WWW\ked\Application\Runtime\Cache\Admin\93f54781c7585ff56fec54bd6dd0bdc6.php 第 115 行.
NOTIC: [8] Undefined index: submenu D:\WWW\ked\Application\Runtime\Cache\Admin\93f54781c7585ff56fec54bd6dd0bdc6.php 第 115 行.
NOTIC: [8] Use of undefined constant submenu - assumed 'submenu' D:\WWW\ked\Application\Runtime\Cache\Admin\93f54781c7585ff56fec54bd6dd0bdc6.php 第 115 行.
NOTIC: [8] Undefined index: submenu D:\WWW\ked\Application\Runtime\Cache\Admin\93f54781c7585ff56fec54bd6dd0bdc6.php 第 115 行.
NOTIC: [8] Use of undefined constant submenu - assumed 'submenu' D:\WWW\ked\Application\Runtime\Cache\Admin\93f54781c7585ff56fec54bd6dd0bdc6.php 第 115 行.
NOTIC: [8] Undefined index: submenu D:\WWW\ked\Application\Runtime\Cache\Admin\93f54781c7585ff56fec54bd6dd0bdc6.php 第 115 行.
NOTIC: [8] Use of undefined constant submenu - assumed 'submenu' D:\WWW\ked\Application\Runtime\Cache\Admin\93f54781c7585ff56fec54bd6dd0bdc6.php 第 112 行.
NOTIC: [8] Use of undefined constant submenu - assumed 'submenu' D:\WWW\ked\Application\Runtime\Cache\Admin\93f54781c7585ff56fec54bd6dd0bdc6.php 第 113 行.
NOTIC: [8] Use of undefined constant submenu - assumed 'submenu' D:\WWW\ked\Application\Runtime\Cache\Admin\93f54781c7585ff56fec54bd6dd0bdc6.php 第 113 行.
NOTIC: [8] Use of undefined constant submenu - assumed 'submenu' D:\WWW\ked\Application\Runtime\Cache\Admin\93f54781c7585ff56fec54bd6dd0bdc6.php 第 115 行.
NOTIC: [8] Undefined index: submenu D:\WWW\ked\Application\Runtime\Cache\Admin\93f54781c7585ff56fec54bd6dd0bdc6.php 第 115 行.
NOTIC: [8] Use of undefined constant submenu - assumed 'submenu' D:\WWW\ked\Application\Runtime\Cache\Admin\93f54781c7585ff56fec54bd6dd0bdc6.php 第 115 行.
NOTIC: [8] Undefined index: submenu D:\WWW\ked\Application\Runtime\Cache\Admin\93f54781c7585ff56fec54bd6dd0bdc6.php 第 115 行.
NOTIC: [8] Use of undefined constant submenu - assumed 'submenu' D:\WWW\ked\Application\Runtime\Cache\Admin\93f54781c7585ff56fec54bd6dd0bdc6.php 第 115 行.
NOTIC: [8] Undefined index: submenu D:\WWW\ked\Application\Runtime\Cache\Admin\93f54781c7585ff56fec54bd6dd0bdc6.php 第 115 行.
NOTIC: [8] Use of undefined constant submenu - assumed 'submenu' D:\WWW\ked\Application\Runtime\Cache\Admin\93f54781c7585ff56fec54bd6dd0bdc6.php 第 115 行.
NOTIC: [8] Undefined index: submenu D:\WWW\ked\Application\Runtime\Cache\Admin\93f54781c7585ff56fec54bd6dd0bdc6.php 第 115 行.
NOTIC: [8] Use of undefined constant submenu - assumed 'submenu' D:\WWW\ked\Application\Runtime\Cache\Admin\93f54781c7585ff56fec54bd6dd0bdc6.php 第 115 行.
NOTIC: [8] Undefined index: submenu D:\WWW\ked\Application\Runtime\Cache\Admin\93f54781c7585ff56fec54bd6dd0bdc6.php 第 115 行.
NOTIC: [8] Use of undefined constant submenu - assumed 'submenu' D:\WWW\ked\Application\Runtime\Cache\Admin\93f54781c7585ff56fec54bd6dd0bdc6.php 第 115 行.
NOTIC: [8] Undefined index: submenu D:\WWW\ked\Application\Runtime\Cache\Admin\93f54781c7585ff56fec54bd6dd0bdc6.php 第 115 行.
NOTIC: [8] Use of undefined constant submenu - assumed 'submenu' D:\WWW\ked\Application\Runtime\Cache\Admin\93f54781c7585ff56fec54bd6dd0bdc6.php 第 115 行.
NOTIC: [8] Undefined index: submenu D:\WWW\ked\Application\Runtime\Cache\Admin\93f54781c7585ff56fec54bd6dd0bdc6.php 第 115 行.
NOTIC: [8] Use of undefined constant submenu - assumed 'submenu' D:\WWW\ked\Application\Runtime\Cache\Admin\93f54781c7585ff56fec54bd6dd0bdc6.php 第 112 行.
NOTIC: [8] Use of undefined constant submenu - assumed 'submenu' D:\WWW\ked\Application\Runtime\Cache\Admin\93f54781c7585ff56fec54bd6dd0bdc6.php 第 113 行.
NOTIC: [8] Use of undefined constant submenu - assumed 'submenu' D:\WWW\ked\Application\Runtime\Cache\Admin\93f54781c7585ff56fec54bd6dd0bdc6.php 第 113 行.
NOTIC: [8] Use of undefined constant submenu - assumed 'submenu' D:\WWW\ked\Application\Runtime\Cache\Admin\93f54781c7585ff56fec54bd6dd0bdc6.php 第 115 行.
NOTIC: [8] Undefined index: submenu D:\WWW\ked\Application\Runtime\Cache\Admin\93f54781c7585ff56fec54bd6dd0bdc6.php 第 115 行.
NOTIC: [8] Use of undefined constant submenu - assumed 'submenu' D:\WWW\ked\Application\Runtime\Cache\Admin\93f54781c7585ff56fec54bd6dd0bdc6.php 第 115 行.
NOTIC: [8] Undefined index: submenu D:\WWW\ked\Application\Runtime\Cache\Admin\93f54781c7585ff56fec54bd6dd0bdc6.php 第 115 行.
NOTIC: [8] Use of undefined constant submenu - assumed 'submenu' D:\WWW\ked\Application\Runtime\Cache\Admin\93f54781c7585ff56fec54bd6dd0bdc6.php 第 115 行.
NOTIC: [8] Undefined index: submenu D:\WWW\ked\Application\Runtime\Cache\Admin\93f54781c7585ff56fec54bd6dd0bdc6.php 第 115 行.
NOTIC: [8] Use of undefined constant submenu - assumed 'submenu' D:\WWW\ked\Application\Runtime\Cache\Admin\93f54781c7585ff56fec54bd6dd0bdc6.php 第 115 行.
NOTIC: [8] Undefined index: submenu D:\WWW\ked\Application\Runtime\Cache\Admin\93f54781c7585ff56fec54bd6dd0bdc6.php 第 115 行.
NOTIC: [8] Use of undefined constant submenu - assumed 'submenu' D:\WWW\ked\Application\Runtime\Cache\Admin\93f54781c7585ff56fec54bd6dd0bdc6.php 第 112 行.
NOTIC: [8] Use of undefined constant submenu - assumed 'submenu' D:\WWW\ked\Application\Runtime\Cache\Admin\93f54781c7585ff56fec54bd6dd0bdc6.php 第 113 行.
NOTIC: [8] Use of undefined constant submenu - assumed 'submenu' D:\WWW\ked\Application\Runtime\Cache\Admin\93f54781c7585ff56fec54bd6dd0bdc6.php 第 113 行.
NOTIC: [8] Use of undefined constant submenu - assumed 'submenu' D:\WWW\ked\Application\Runtime\Cache\Admin\93f54781c7585ff56fec54bd6dd0bdc6.php 第 115 行.
NOTIC: [8] Undefined index: submenu D:\WWW\ked\Application\Runtime\Cache\Admin\93f54781c7585ff56fec54bd6dd0bdc6.php 第 115 行.
NOTIC: [8] Use of undefined constant submenu - assumed 'submenu' D:\WWW\ked\Application\Runtime\Cache\Admin\93f54781c7585ff56fec54bd6dd0bdc6.php 第 115 行.
NOTIC: [8] Undefined index: submenu D:\WWW\ked\Application\Runtime\Cache\Admin\93f54781c7585ff56fec54bd6dd0bdc6.php 第 115 行.
NOTIC: [8] Use of undefined constant submenu - assumed 'submenu' D:\WWW\ked\Application\Runtime\Cache\Admin\93f54781c7585ff56fec54bd6dd0bdc6.php 第 115 行.
NOTIC: [8] Undefined index: submenu D:\WWW\ked\Application\Runtime\Cache\Admin\93f54781c7585ff56fec54bd6dd0bdc6.php 第 115 行.
NOTIC: [8] Use of undefined constant submenu - assumed 'submenu' D:\WWW\ked\Application\Runtime\Cache\Admin\93f54781c7585ff56fec54bd6dd0bdc6.php 第 115 行.
NOTIC: [8] Undefined index: submenu D:\WWW\ked\Application\Runtime\Cache\Admin\93f54781c7585ff56fec54bd6dd0bdc6.php 第 115 行.
NOTIC: [8] Use of undefined constant submenu - assumed 'submenu' D:\WWW\ked\Application\Runtime\Cache\Admin\93f54781c7585ff56fec54bd6dd0bdc6.php 第 115 行.
NOTIC: [8] Undefined index: submenu D:\WWW\ked\Application\Runtime\Cache\Admin\93f54781c7585ff56fec54bd6dd0bdc6.php 第 115 行.
NOTIC: [8] Use of undefined constant submenu - assumed 'submenu' D:\WWW\ked\Application\Runtime\Cache\Admin\93f54781c7585ff56fec54bd6dd0bdc6.php 第 112 行.
NOTIC: [8] Use of undefined constant submenu - assumed 'submenu' D:\WWW\ked\Application\Runtime\Cache\Admin\93f54781c7585ff56fec54bd6dd0bdc6.php 第 113 行.
NOTIC: [8] Use of undefined constant submenu - assumed 'submenu' D:\WWW\ked\Application\Runtime\Cache\Admin\93f54781c7585ff56fec54bd6dd0bdc6.php 第 113 行.
NOTIC: [8] Use of undefined constant submenu - assumed 'submenu' D:\WWW\ked\Application\Runtime\Cache\Admin\93f54781c7585ff56fec54bd6dd0bdc6.php 第 115 行.
NOTIC: [8] Undefined index: submenu D:\WWW\ked\Application\Runtime\Cache\Admin\93f54781c7585ff56fec54bd6dd0bdc6.php 第 115 行.
NOTIC: [8] Use of undefined constant submenu - assumed 'submenu' D:\WWW\ked\Application\Runtime\Cache\Admin\93f54781c7585ff56fec54bd6dd0bdc6.php 第 115 行.
NOTIC: [8] Undefined index: submenu D:\WWW\ked\Application\Runtime\Cache\Admin\93f54781c7585ff56fec54bd6dd0bdc6.php 第 115 行.
NOTIC: [8] Undefined index: submenu D:\WWW\ked\Application\Runtime\Cache\Admin\93f54781c7585ff56fec54bd6dd0bdc6.php 第 129 行.
NOTIC: [8] Undefined variable: rs D:\WWW\ked\Application\Runtime\Cache\Admin\93f54781c7585ff56fec54bd6dd0bdc6.php 第 95 行.
NOTIC: [8] Undefined index: submenu D:\WWW\ked\Application\Runtime\Cache\Admin\93f54781c7585ff56fec54bd6dd0bdc6.php 第 131 行.
NOTIC: [8] Undefined variable: rs D:\WWW\ked\Application\Runtime\Cache\Admin\93f54781c7585ff56fec54bd6dd0bdc6.php 第 95 行.
NOTIC: [8] Undefined index: submenu D:\WWW\ked\Application\Runtime\Cache\Admin\93f54781c7585ff56fec54bd6dd0bdc6.php 第 131 行.
NOTIC: [8] Undefined index: submenu D:\WWW\ked\Application\Runtime\Cache\Admin\93f54781c7585ff56fec54bd6dd0bdc6.php 第 131 行.
NOTIC: [8] Undefined variable: rs D:\WWW\ked\Application\Runtime\Cache\Admin\93f54781c7585ff56fec54bd6dd0bdc6.php 第 95 行.
NOTIC: [8] Undefined index: submenu D:\WWW\ked\Application\Runtime\Cache\Admin\93f54781c7585ff56fec54bd6dd0bdc6.php 第 131 行.
NOTIC: [8] Undefined index: submenu D:\WWW\ked\Application\Runtime\Cache\Admin\93f54781c7585ff56fec54bd6dd0bdc6.php 第 131 行.
NOTIC: [8] Undefined index: gifts D:\WWW\ked\Application\Runtime\Cache\Admin\93f54781c7585ff56fec54bd6dd0bdc6.php 第 188 行.
SQL: SHOW COLUMNS FROM `jw_content` [ RunTime:0.0080s ]
SQL: SELECT `id`,`title`,`defaultpic`,`tags`,`cateid`,`catename`,`links`,`shortcontent`,`hits` FROM `jw_content` WHERE ( 1=1 and cateid in(15) ) ORDER BY hits desc LIMIT 0,6   [ RunTime:0.0020s ]
SQL: SELECT `id`,`title`,`defaultpic`,`tags`,`cateid`,`catename`,`links`,`shortcontent`,`hits` FROM `jw_content` WHERE ( 1=1 and cateid in(11) ) ORDER BY hits desc LIMIT 0,6   [ RunTime:0.0010s ]
NOTIC: [8] Use of undefined constant mysql_close - assumed 'mysql_close' D:\WWW\ked\Application\Runtime\Cache\Admin\93f54781c7585ff56fec54bd6dd0bdc6.php 第 303 行.
NOTIC: [8192] mysql_get_server_info(): The mysql extension is deprecated and will be removed in the future: use mysqli or PDO instead D:\WWW\ked\Application\Runtime\Cache\Admin\93f54781c7585ff56fec54bd6dd0bdc6.php 第 304 行.
NOTIC: [2] mysql_get_server_info(): Access denied for user ''@'localhost' (using password: NO) D:\WWW\ked\Application\Runtime\Cache\Admin\93f54781c7585ff56fec54bd6dd0bdc6.php 第 304 行.
NOTIC: [2] mysql_get_server_info(): A link to the server could not be established D:\WWW\ked\Application\Runtime\Cache\Admin\93f54781c7585ff56fec54bd6dd0bdc6.php 第 304 行.
NOTIC: [8] Use of undefined constant PRC - assumed 'PRC' D:\WWW\ked\Application\Runtime\Cache\Admin\93f54781c7585ff56fec54bd6dd0bdc6.php 第 312 行.
INFO: Run Behavior\ParseTemplateBehavior [ RunTime:1.110000s ]
INFO: [ view_parse ] --END-- [ RunTime:1.111000s ]
INFO: [ view_filter ] --START--
INFO: Run Behavior\WriteHtmlCacheBehavior [ RunTime:0.001000s ]
INFO: [ view_filter ] --END-- [ RunTime:0.001000s ]
INFO: [ app_end ] --START--
INFO: Run Behavior\ShowPageTraceBehavior [ RunTime:0.002000s ]
INFO: [ app_end ] --END-- [ RunTime:0.003000s ]

[ 2017-01-16T09:27:27+08:00 ] ::1 /admin.php/Category.html
INFO: [ app_init ] --START--
INFO: Run Behavior\BuildLiteBehavior [ RunTime:0.000000s ]
INFO: [ app_init ] --END-- [ RunTime:0.001000s ]
INFO: [ app_begin ] --START--
INFO: Run Behavior\ReadHtmlCacheBehavior [ RunTime:0.001000s ]
INFO: [ app_begin ] --END-- [ RunTime:0.001000s ]
SQL: SHOW COLUMNS FROM `jw_admin_menu` [ RunTime:0.0120s ]
SQL: SELECT * FROM `jw_admin_menu` WHERE ( 1=1 ) ORDER BY pid asc,taxis desc  [ RunTime:0.0010s ]
SQL: SHOW COLUMNS FROM `jw_category` [ RunTime:0.0100s ]
SQL: SELECT * FROM `jw_category` WHERE ( 1=1 ) ORDER BY pid asc,taxis desc  [ RunTime:0.0020s ]
INFO: [ view_parse ] --START--
INFO: [ template_filter ] --START--
INFO: Run Behavior\ContentReplaceBehavior [ RunTime:0.000000s ]
INFO: [ template_filter ] --END-- [ RunTime:0.000000s ]
NOTIC: [8] Undefined variable: rs D:\WWW\ked\Application\Runtime\Cache\Admin\531009174daa45cf3261e558bab0d597.php 第 95 行.
NOTIC: [8] Undefined index: submenu D:\WWW\ked\Application\Runtime\Cache\Admin\531009174daa45cf3261e558bab0d597.php 第 131 行.
NOTIC: [8] Undefined index: submenu D:\WWW\ked\Application\Runtime\Cache\Admin\531009174daa45cf3261e558bab0d597.php 第 131 行.
NOTIC: [8] Undefined index: submenu D:\WWW\ked\Application\Runtime\Cache\Admin\531009174daa45cf3261e558bab0d597.php 第 131 行.
NOTIC: [8] Undefined index: submenu D:\WWW\ked\Application\Runtime\Cache\Admin\531009174daa45cf3261e558bab0d597.php 第 131 行.
NOTIC: [8] Undefined index: submenu D:\WWW\ked\Application\Runtime\Cache\Admin\531009174daa45cf3261e558bab0d597.php 第 131 行.
NOTIC: [8] Undefined variable: rs D:\WWW\ked\Application\Runtime\Cache\Admin\531009174daa45cf3261e558bab0d597.php 第 95 行.
NOTIC: [8] Undefined index: submenu D:\WWW\ked\Application\Runtime\Cache\Admin\531009174daa45cf3261e558bab0d597.php 第 98 行.
NOTIC: [8] Undefined index: submenu D:\WWW\ked\Application\Runtime\Cache\Admin\531009174daa45cf3261e558bab0d597.php 第 129 行.
NOTIC: [8] Undefined variable: rs D:\WWW\ked\Application\Runtime\Cache\Admin\531009174daa45cf3261e558bab0d597.php 第 95 行.
NOTIC: [8] Undefined index: submenu D:\WWW\ked\Application\Runtime\Cache\Admin\531009174daa45cf3261e558bab0d597.php 第 98 行.
NOTIC: [8] Undefined variable: focusid D:\WWW\ked\Application\Runtime\Cache\Admin\531009174daa45cf3261e558bab0d597.php 第 106 行.
SQL: SELECT * FROM `jw_category` WHERE ( 1=1 ) ORDER BY pid asc,taxis desc  [ RunTime:0.0010s ]
NOTIC: [8] Undefined variable: pidarr D:\WWW\ked\Application\Admin\Common\function.php 第 123 行.
NOTIC: [2] in_array() expects parameter 2 to be array, null given D:\WWW\ked\Application\Admin\Common\function.php 第 123 行.
NOTIC: [8] Undefined variable: pidarr D:\WWW\ked\Application\Admin\Common\function.php 第 123 行.
NOTIC: [2] in_array() expects parameter 2 to be array, null given D:\WWW\ked\Application\Admin\Common\function.php 第 123 行.
NOTIC: [8] Undefined variable: pidarr D:\WWW\ked\Application\Admin\Common\function.php 第 123 行.
NOTIC: [2] in_array() expects parameter 2 to be array, null given D:\WWW\ked\Application\Admin\Common\function.php 第 123 行.
NOTIC: [8] Undefined variable: pidarr D:\WWW\ked\Application\Admin\Common\function.php 第 123 行.
NOTIC: [2] in_array() expects parameter 2 to be array, null given D:\WWW\ked\Application\Admin\Common\function.php 第 123 行.
NOTIC: [8] Undefined variable: pidarr D:\WWW\ked\Application\Admin\Common\function.php 第 123 行.
NOTIC: [2] in_array() expects parameter 2 to be array, null given D:\WWW\ked\Application\Admin\Common\function.php 第 123 行.
NOTIC: [8] Undefined variable: pidarr D:\WWW\ked\Application\Admin\Common\function.php 第 123 行.
NOTIC: [2] in_array() expects parameter 2 to be array, null given D:\WWW\ked\Application\Admin\Common\function.php 第 123 行.
NOTIC: [8] Undefined variable: pidarr D:\WWW\ked\Application\Admin\Common\function.php 第 123 行.
NOTIC: [2] in_array() expects parameter 2 to be array, null given D:\WWW\ked\Application\Admin\Common\function.php 第 123 行.
NOTIC: [8] Undefined variable: pidarr D:\WWW\ked\Application\Admin\Common\function.php 第 123 行.
NOTIC: [2] in_array() expects parameter 2 to be array, null given D:\WWW\ked\Application\Admin\Common\function.php 第 123 行.
NOTIC: [8] Undefined variable: pidarr D:\WWW\ked\Application\Admin\Common\function.php 第 123 行.
NOTIC: [2] in_array() expects parameter 2 to be array, null given D:\WWW\ked\Application\Admin\Common\function.php 第 123 行.
NOTIC: [8] Undefined variable: pidarr D:\WWW\ked\Application\Admin\Common\function.php 第 123 行.
NOTIC: [2] in_array() expects parameter 2 to be array, null given D:\WWW\ked\Application\Admin\Common\function.php 第 123 行.
NOTIC: [8] Undefined variable: pidarr D:\WWW\ked\Application\Admin\Common\function.php 第 123 行.
NOTIC: [2] in_array() expects parameter 2 to be array, null given D:\WWW\ked\Application\Admin\Common\function.php 第 123 行.
NOTIC: [8] Undefined variable: pidarr D:\WWW\ked\Application\Admin\Common\function.php 第 123 行.
NOTIC: [2] in_array() expects parameter 2 to be array, null given D:\WWW\ked\Application\Admin\Common\function.php 第 123 行.
NOTIC: [8] Undefined variable: pidarr D:\WWW\ked\Application\Admin\Common\function.php 第 123 行.
NOTIC: [2] in_array() expects parameter 2 to be array, null given D:\WWW\ked\Application\Admin\Common\function.php 第 123 行.
NOTIC: [8] Undefined variable: pidarr D:\WWW\ked\Application\Admin\Common\function.php 第 123 行.
NOTIC: [2] in_array() expects parameter 2 to be array, null given D:\WWW\ked\Application\Admin\Common\function.php 第 123 行.
NOTIC: [8] Undefined variable: pidarr D:\WWW\ked\Application\Admin\Common\function.php 第 123 行.
NOTIC: [2] in_array() expects parameter 2 to be array, null given D:\WWW\ked\Application\Admin\Common\function.php 第 123 行.
NOTIC: [8] Undefined variable: pidarr D:\WWW\ked\Application\Admin\Common\function.php 第 123 行.
NOTIC: [2] in_array() expects parameter 2 to be array, null given D:\WWW\ked\Application\Admin\Common\function.php 第 123 行.
NOTIC: [8] Undefined variable: pidarr D:\WWW\ked\Application\Admin\Common\function.php 第 123 行.
NOTIC: [2] in_array() expects parameter 2 to be array, null given D:\WWW\ked\Application\Admin\Common\function.php 第 123 行.
NOTIC: [8] Undefined variable: pidarr D:\WWW\ked\Application\Admin\Common\function.php 第 123 行.
NOTIC: [2] in_array() expects parameter 2 to be array, null given D:\WWW\ked\Application\Admin\Common\function.php 第 123 行.
NOTIC: [8] Undefined variable: pidarr D:\WWW\ked\Application\Admin\Common\function.php 第 123 行.
NOTIC: [2] in_array() expects parameter 2 to be array, null given D:\WWW\ked\Application\Admin\Common\function.php 第 123 行.
NOTIC: [8] Undefined variable: pidarr D:\WWW\ked\Application\Admin\Common\function.php 第 123 行.
NOTIC: [2] in_array() expects parameter 2 to be array, null given D:\WWW\ked\Application\Admin\Common\function.php 第 123 行.
NOTIC: [8] Undefined variable: pidarr D:\WWW\ked\Application\Admin\Common\function.php 第 123 行.
NOTIC: [2] in_array() expects parameter 2 to be array, null given D:\WWW\ked\Application\Admin\Common\function.php 第 123 行.
NOTIC: [8] Undefined variable: pidarr D:\WWW\ked\Application\Admin\Common\function.php 第 123 行.
NOTIC: [2] in_array() expects parameter 2 to be array, null given D:\WWW\ked\Application\Admin\Common\function.php 第 123 行.
NOTIC: [8] Undefined variable: pidarr D:\WWW\ked\Application\Admin\Common\function.php 第 123 行.
NOTIC: [2] in_array() expects parameter 2 to be array, null given D:\WWW\ked\Application\Admin\Common\function.php 第 123 行.
NOTIC: [8] Undefined variable: pidarr D:\WWW\ked\Application\Admin\Common\function.php 第 123 行.
NOTIC: [2] in_array() expects parameter 2 to be array, null given D:\WWW\ked\Application\Admin\Common\function.php 第 123 行.
NOTIC: [8] Undefined variable: pidarr D:\WWW\ked\Application\Admin\Common\function.php 第 123 行.
NOTIC: [2] in_array() expects parameter 2 to be array, null given D:\WWW\ked\Application\Admin\Common\function.php 第 123 行.
NOTIC: [8] Undefined variable: pidarr D:\WWW\ked\Application\Admin\Common\function.php 第 123 行.
NOTIC: [2] in_array() expects parameter 2 to be array, null given D:\WWW\ked\Application\Admin\Common\function.php 第 123 行.
NOTIC: [8] Undefined variable: pidarr D:\WWW\ked\Application\Admin\Common\function.php 第 123 行.
NOTIC: [2] in_array() expects parameter 2 to be array, null given D:\WWW\ked\Application\Admin\Common\function.php 第 123 行.
NOTIC: [8] Undefined variable: pidarr D:\WWW\ked\Application\Admin\Common\function.php 第 123 行.
NOTIC: [2] in_array() expects parameter 2 to be array, null given D:\WWW\ked\Application\Admin\Common\function.php 第 123 行.
NOTIC: [8] Undefined variable: pidarr D:\WWW\ked\Application\Admin\Common\function.php 第 123 行.
NOTIC: [2] in_array() expects parameter 2 to be array, null given D:\WWW\ked\Application\Admin\Common\function.php 第 123 行.
NOTIC: [8] Undefined variable: pidarr D:\WWW\ked\Application\Admin\Common\function.php 第 123 行.
NOTIC: [2] in_array() expects parameter 2 to be array, null given D:\WWW\ked\Application\Admin\Common\function.php 第 123 行.
NOTIC: [8] Undefined variable: pidarr D:\WWW\ked\Application\Admin\Common\function.php 第 123 行.
NOTIC: [2] in_array() expects parameter 2 to be array, null given D:\WWW\ked\Application\Admin\Common\function.php 第 123 行.
NOTIC: [8] Use of undefined constant submenu - assumed 'submenu' D:\WWW\ked\Application\Runtime\Cache\Admin\531009174daa45cf3261e558bab0d597.php 第 112 行.
NOTIC: [8] Use of undefined constant submenu - assumed 'submenu' D:\WWW\ked\Application\Runtime\Cache\Admin\531009174daa45cf3261e558bab0d597.php 第 113 行.
NOTIC: [8] Use of undefined constant submenu - assumed 'submenu' D:\WWW\ked\Application\Runtime\Cache\Admin\531009174daa45cf3261e558bab0d597.php 第 113 行.
NOTIC: [8] Use of undefined constant submenu - assumed 'submenu' D:\WWW\ked\Application\Runtime\Cache\Admin\531009174daa45cf3261e558bab0d597.php 第 115 行.
NOTIC: [8] Undefined index: submenu D:\WWW\ked\Application\Runtime\Cache\Admin\531009174daa45cf3261e558bab0d597.php 第 115 行.
NOTIC: [8] Use of undefined constant submenu - assumed 'submenu' D:\WWW\ked\Application\Runtime\Cache\Admin\531009174daa45cf3261e558bab0d597.php 第 115 行.
NOTIC: [8] Undefined index: submenu D:\WWW\ked\Application\Runtime\Cache\Admin\531009174daa45cf3261e558bab0d597.php 第 115 行.
NOTIC: [8] Use of undefined constant submenu - assumed 'submenu' D:\WWW\ked\Application\Runtime\Cache\Admin\531009174daa45cf3261e558bab0d597.php 第 115 行.
NOTIC: [8] Undefined index: submenu D:\WWW\ked\Application\Runtime\Cache\Admin\531009174daa45cf3261e558bab0d597.php 第 115 行.
NOTIC: [8] Use of undefined constant submenu - assumed 'submenu' D:\WWW\ked\Application\Runtime\Cache\Admin\531009174daa45cf3261e558bab0d597.php 第 115 行.
NOTIC: [8] Undefined index: submenu D:\WWW\ked\Application\Runtime\Cache\Admin\531009174daa45cf3261e558bab0d597.php 第 115 行.
NOTIC: [8] Use of undefined constant submenu - assumed 'submenu' D:\WWW\ked\Application\Runtime\Cache\Admin\531009174daa45cf3261e558bab0d597.php 第 112 行.
NOTIC: [8] Use of undefined constant submenu - assumed 'submenu' D:\WWW\ked\Application\Runtime\Cache\Admin\531009174daa45cf3261e558bab0d597.php 第 113 行.
NOTIC: [8] Use of undefined constant submenu - assumed 'submenu' D:\WWW\ked\Application\Runtime\Cache\Admin\531009174daa45cf3261e558bab0d597.php 第 113 行.
NOTIC: [8] Use of undefined constant submenu - assumed 'submenu' D:\WWW\ked\Application\Runtime\Cache\Admin\531009174daa45cf3261e558bab0d597.php 第 115 行.
NOTIC: [8] Undefined index: submenu D:\WWW\ked\Application\Runtime\Cache\Admin\531009174daa45cf3261e558bab0d597.php 第 115 行.
NOTIC: [8] Use of undefined constant submenu - assumed 'submenu' D:\WWW\ked\Application\Runtime\Cache\Admin\531009174daa45cf3261e558bab0d597.php 第 115 行.
NOTIC: [8] Undefined index: submenu D:\WWW\ked\Application\Runtime\Cache\Admin\531009174daa45cf3261e558bab0d597.php 第 115 行.
NOTIC: [8] Use of undefined constant submenu - assumed 'submenu' D:\WWW\ked\Application\Runtime\Cache\Admin\531009174daa45cf3261e558bab0d597.php 第 115 行.
NOTIC: [8] Undefined index: submenu D:\WWW\ked\Application\Runtime\Cache\Admin\531009174daa45cf3261e558bab0d597.php 第 115 行.
NOTIC: [8] Use of undefined constant submenu - assumed 'submenu' D:\WWW\ked\Application\Runtime\Cache\Admin\531009174daa45cf3261e558bab0d597.php 第 112 行.
NOTIC: [8] Use of undefined constant submenu - assumed 'submenu' D:\WWW\ked\Application\Runtime\Cache\Admin\531009174daa45cf3261e558bab0d597.php 第 113 行.
NOTIC: [8] Use of undefined constant submenu - assumed 'submenu' D:\WWW\ked\Application\Runtime\Cache\Admin\531009174daa45cf3261e558bab0d597.php 第 113 行.
NOTIC: [8] Use of undefined constant submenu - assumed 'submenu' D:\WWW\ked\Application\Runtime\Cache\Admin\531009174daa45cf3261e558bab0d597.php 第 115 行.
NOTIC: [8] Undefined index: submenu D:\WWW\ked\Application\Runtime\Cache\Admin\531009174daa45cf3261e558bab0d597.php 第 115 行.
NOTIC: [8] Use of undefined constant submenu - assumed 'submenu' D:\WWW\ked\Application\Runtime\Cache\Admin\531009174daa45cf3261e558bab0d597.php 第 115 行.
NOTIC: [8] Undefined index: submenu D:\WWW\ked\Application\Runtime\Cache\Admin\531009174daa45cf3261e558bab0d597.php 第 115 行.
NOTIC: [8] Use of undefined constant submenu - assumed 'submenu' D:\WWW\ked\Application\Runtime\Cache\Admin\531009174daa45cf3261e558bab0d597.php 第 115 行.
NOTIC: [8] Undefined index: submenu D:\WWW\ked\Application\Runtime\Cache\Admin\531009174daa45cf3261e558bab0d597.php 第 115 行.
NOTIC: [8] Use of undefined constant submenu - assumed 'submenu' D:\WWW\ked\Application\Runtime\Cache\Admin\531009174daa45cf3261e558bab0d597.php 第 115 行.
NOTIC: [8] Undefined index: submenu D:\WWW\ked\Application\Runtime\Cache\Admin\531009174daa45cf3261e558bab0d597.php 第 115 行.
NOTIC: [8] Use of undefined constant submenu - assumed 'submenu' D:\WWW\ked\Application\Runtime\Cache\Admin\531009174daa45cf3261e558bab0d597.php 第 115 行.
NOTIC: [8] Undefined index: submenu D:\WWW\ked\Application\Runtime\Cache\Admin\531009174daa45cf3261e558bab0d597.php 第 115 行.
NOTIC: [8] Use of undefined constant submenu - assumed 'submenu' D:\WWW\ked\Application\Runtime\Cache\Admin\531009174daa45cf3261e558bab0d597.php 第 115 行.
NOTIC: [8] Undefined index: submenu D:\WWW\ked\Application\Runtime\Cache\Admin\531009174daa45cf3261e558bab0d597.php 第 115 行.
NOTIC: [8] Use of undefined constant submenu - assumed 'submenu' D:\WWW\ked\Application\Runtime\Cache\Admin\531009174daa45cf3261e558bab0d597.php 第 115 行.
NOTIC: [8] Undefined index: submenu D:\WWW\ked\Application\Runtime\Cache\Admin\531009174daa45cf3261e558bab0d597.php 第 115 行.
NOTIC: [8] Use of undefined constant submenu - assumed 'submenu' D:\WWW\ked\Application\Runtime\Cache\Admin\531009174daa45cf3261e558bab0d597.php 第 112 行.
NOTIC: [8] Use of undefined constant submenu - assumed 'submenu' D:\WWW\ked\Application\Runtime\Cache\Admin\531009174daa45cf3261e558bab0d597.php 第 113 行.
NOTIC: [8] Use of undefined constant submenu - assumed 'submenu' D:\WWW\ked\Application\Runtime\Cache\Admin\531009174daa45cf3261e558bab0d597.php 第 113 行.
NOTIC: [8] Use of undefined constant submenu - assumed 'submenu' D:\WWW\ked\Application\Runtime\Cache\Admin\531009174daa45cf3261e558bab0d597.php 第 115 行.
NOTIC: [8] Undefined index: submenu D:\WWW\ked\Application\Runtime\Cache\Admin\531009174daa45cf3261e558bab0d597.php 第 115 行.
NOTIC: [8] Use of undefined constant submenu - assumed 'submenu' D:\WWW\ked\Application\Runtime\Cache\Admin\531009174daa45cf3261e558bab0d597.php 第 115 行.
NOTIC: [8] Undefined index: submenu D:\WWW\ked\Application\Runtime\Cache\Admin\531009174daa45cf3261e558bab0d597.php 第 115 行.
NOTIC: [8] Use of undefined constant submenu - assumed 'submenu' D:\WWW\ked\Application\Runtime\Cache\Admin\531009174daa45cf3261e558bab0d597.php 第 115 行.
NOTIC: [8] Undefined index: submenu D:\WWW\ked\Application\Runtime\Cache\Admin\531009174daa45cf3261e558bab0d597.php 第 115 行.
NOTIC: [8] Use of undefined constant submenu - assumed 'submenu' D:\WWW\ked\Application\Runtime\Cache\Admin\531009174daa45cf3261e558bab0d597.php 第 115 行.
NOTIC: [8] Undefined index: submenu D:\WWW\ked\Application\Runtime\Cache\Admin\531009174daa45cf3261e558bab0d597.php 第 115 行.
NOTIC: [8] Use of undefined constant submenu - assumed 'submenu' D:\WWW\ked\Application\Runtime\Cache\Admin\531009174daa45cf3261e558bab0d597.php 第 112 行.
NOTIC: [8] Use of undefined constant submenu - assumed 'submenu' D:\WWW\ked\Application\Runtime\Cache\Admin\531009174daa45cf3261e558bab0d597.php 第 113 行.
NOTIC: [8] Use of undefined constant submenu - assumed 'submenu' D:\WWW\ked\Application\Runtime\Cache\Admin\531009174daa45cf3261e558bab0d597.php 第 113 行.
NOTIC: [8] Use of undefined constant submenu - assumed 'submenu' D:\WWW\ked\Application\Runtime\Cache\Admin\531009174daa45cf3261e558bab0d597.php 第 115 行.
NOTIC: [8] Undefined index: submenu D:\WWW\ked\Application\Runtime\Cache\Admin\531009174daa45cf3261e558bab0d597.php 第 115 行.
NOTIC: [8] Use of undefined constant submenu - assumed 'submenu' D:\WWW\ked\Application\Runtime\Cache\Admin\531009174daa45cf3261e558bab0d597.php 第 115 行.
NOTIC: [8] Undefined index: submenu D:\WWW\ked\Application\Runtime\Cache\Admin\531009174daa45cf3261e558bab0d597.php 第 115 行.
NOTIC: [8] Use of undefined constant submenu - assumed 'submenu' D:\WWW\ked\Application\Runtime\Cache\Admin\531009174daa45cf3261e558bab0d597.php 第 115 行.
NOTIC: [8] Undefined index: submenu D:\WWW\ked\Application\Runtime\Cache\Admin\531009174daa45cf3261e558bab0d597.php 第 115 行.
NOTIC: [8] Use of undefined constant submenu - assumed 'submenu' D:\WWW\ked\Application\Runtime\Cache\Admin\531009174daa45cf3261e558bab0d597.php 第 115 行.
NOTIC: [8] Undefined index: submenu D:\WWW\ked\Application\Runtime\Cache\Admin\531009174daa45cf3261e558bab0d597.php 第 115 行.
NOTIC: [8] Use of undefined constant submenu - assumed 'submenu' D:\WWW\ked\Application\Runtime\Cache\Admin\531009174daa45cf3261e558bab0d597.php 第 115 行.
NOTIC: [8] Undefined index: submenu D:\WWW\ked\Application\Runtime\Cache\Admin\531009174daa45cf3261e558bab0d597.php 第 115 行.
NOTIC: [8] Use of undefined constant submenu - assumed 'submenu' D:\WWW\ked\Application\Runtime\Cache\Admin\531009174daa45cf3261e558bab0d597.php 第 112 行.
NOTIC: [8] Use of undefined constant submenu - assumed 'submenu' D:\WWW\ked\Application\Runtime\Cache\Admin\531009174daa45cf3261e558bab0d597.php 第 113 行.
NOTIC: [8] Use of undefined constant submenu - assumed 'submenu' D:\WWW\ked\Application\Runtime\Cache\Admin\531009174daa45cf3261e558bab0d597.php 第 113 行.
NOTIC: [8] Use of undefined constant submenu - assumed 'submenu' D:\WWW\ked\Application\Runtime\Cache\Admin\531009174daa45cf3261e558bab0d597.php 第 115 行.
NOTIC: [8] Undefined index: submenu D:\WWW\ked\Application\Runtime\Cache\Admin\531009174daa45cf3261e558bab0d597.php 第 115 行.
NOTIC: [8] Use of undefined constant submenu - assumed 'submenu' D:\WWW\ked\Application\Runtime\Cache\Admin\531009174daa45cf3261e558bab0d597.php 第 115 行.
NOTIC: [8] Undefined index: submenu D:\WWW\ked\Application\Runtime\Cache\Admin\531009174daa45cf3261e558bab0d597.php 第 115 行.
NOTIC: [8] Undefined index: submenu D:\WWW\ked\Application\Runtime\Cache\Admin\531009174daa45cf3261e558bab0d597.php 第 129 行.
NOTIC: [8] Undefined variable: rs D:\WWW\ked\Application\Runtime\Cache\Admin\531009174daa45cf3261e558bab0d597.php 第 95 行.
NOTIC: [8] Undefined index: submenu D:\WWW\ked\Application\Runtime\Cache\Admin\531009174daa45cf3261e558bab0d597.php 第 131 行.
NOTIC: [8] Undefined variable: rs D:\WWW\ked\Application\Runtime\Cache\Admin\531009174daa45cf3261e558bab0d597.php 第 95 行.
NOTIC: [8] Undefined index: submenu D:\WWW\ked\Application\Runtime\Cache\Admin\531009174daa45cf3261e558bab0d597.php 第 131 行.
NOTIC: [8] Undefined index: submenu D:\WWW\ked\Application\Runtime\Cache\Admin\531009174daa45cf3261e558bab0d597.php 第 131 行.
NOTIC: [8] Undefined variable: rs D:\WWW\ked\Application\Runtime\Cache\Admin\531009174daa45cf3261e558bab0d597.php 第 95 行.
NOTIC: [8] Undefined index: submenu D:\WWW\ked\Application\Runtime\Cache\Admin\531009174daa45cf3261e558bab0d597.php 第 131 行.
NOTIC: [8] Undefined index: submenu D:\WWW\ked\Application\Runtime\Cache\Admin\531009174daa45cf3261e558bab0d597.php 第 131 行.
NOTIC: [8] Undefined index: issys D:\WWW\ked\Application\Runtime\Cache\Admin\531009174daa45cf3261e558bab0d597.php 第 186 行.
NOTIC: [8] Undefined index: issys D:\WWW\ked\Application\Runtime\Cache\Admin\531009174daa45cf3261e558bab0d597.php 第 186 行.
NOTIC: [8] Undefined index: issys D:\WWW\ked\Application\Runtime\Cache\Admin\531009174daa45cf3261e558bab0d597.php 第 186 行.
NOTIC: [8] Undefined index: issys D:\WWW\ked\Application\Runtime\Cache\Admin\531009174daa45cf3261e558bab0d597.php 第 186 行.
NOTIC: [8] Undefined index: issys D:\WWW\ked\Application\Runtime\Cache\Admin\531009174daa45cf3261e558bab0d597.php 第 186 行.
NOTIC: [8] Undefined index: issys D:\WWW\ked\Application\Runtime\Cache\Admin\531009174daa45cf3261e558bab0d597.php 第 186 行.
NOTIC: [8] Undefined index: issys D:\WWW\ked\Application\Runtime\Cache\Admin\531009174daa45cf3261e558bab0d597.php 第 186 行.
NOTIC: [8] Undefined index: issys D:\WWW\ked\Application\Runtime\Cache\Admin\531009174daa45cf3261e558bab0d597.php 第 186 行.
NOTIC: [8] Undefined index: issys D:\WWW\ked\Application\Runtime\Cache\Admin\531009174daa45cf3261e558bab0d597.php 第 186 行.
NOTIC: [8] Undefined index: issys D:\WWW\ked\Application\Runtime\Cache\Admin\531009174daa45cf3261e558bab0d597.php 第 186 行.
NOTIC: [8] Undefined index: issys D:\WWW\ked\Application\Runtime\Cache\Admin\531009174daa45cf3261e558bab0d597.php 第 186 行.
NOTIC: [8] Undefined index: issys D:\WWW\ked\Application\Runtime\Cache\Admin\531009174daa45cf3261e558bab0d597.php 第 186 行.
NOTIC: [8] Undefined index: issys D:\WWW\ked\Application\Runtime\Cache\Admin\531009174daa45cf3261e558bab0d597.php 第 186 行.
NOTIC: [8] Undefined index: issys D:\WWW\ked\Application\Runtime\Cache\Admin\531009174daa45cf3261e558bab0d597.php 第 186 行.
NOTIC: [8] Undefined index: issys D:\WWW\ked\Application\Runtime\Cache\Admin\531009174daa45cf3261e558bab0d597.php 第 186 行.
NOTIC: [8] Undefined index: issys D:\WWW\ked\Application\Runtime\Cache\Admin\531009174daa45cf3261e558bab0d597.php 第 186 行.
NOTIC: [8] Undefined index: issys D:\WWW\ked\Application\Runtime\Cache\Admin\531009174daa45cf3261e558bab0d597.php 第 186 行.
NOTIC: [8] Undefined index: issys D:\WWW\ked\Application\Runtime\Cache\Admin\531009174daa45cf3261e558bab0d597.php 第 186 行.
NOTIC: [8] Undefined index: issys D:\WWW\ked\Application\Runtime\Cache\Admin\531009174daa45cf3261e558bab0d597.php 第 186 行.
NOTIC: [8] Undefined index: issys D:\WWW\ked\Application\Runtime\Cache\Admin\531009174daa45cf3261e558bab0d597.php 第 186 行.
NOTIC: [8] Undefined index: issys D:\WWW\ked\Application\Runtime\Cache\Admin\531009174daa45cf3261e558bab0d597.php 第 186 行.
NOTIC: [8] Undefined index: issys D:\WWW\ked\Application\Runtime\Cache\Admin\531009174daa45cf3261e558bab0d597.php 第 186 行.
NOTIC: [8] Undefined index: issys D:\WWW\ked\Application\Runtime\Cache\Admin\531009174daa45cf3261e558bab0d597.php 第 186 行.
NOTIC: [8] Undefined index: issys D:\WWW\ked\Application\Runtime\Cache\Admin\531009174daa45cf3261e558bab0d597.php 第 186 行.
NOTIC: [8] Undefined index: issys D:\WWW\ked\Application\Runtime\Cache\Admin\531009174daa45cf3261e558bab0d597.php 第 186 行.
NOTIC: [8] Undefined index: issys D:\WWW\ked\Application\Runtime\Cache\Admin\531009174daa45cf3261e558bab0d597.php 第 186 行.
NOTIC: [8] Undefined index: issys D:\WWW\ked\Application\Runtime\Cache\Admin\531009174daa45cf3261e558bab0d597.php 第 186 行.
NOTIC: [8] Undefined index: issys D:\WWW\ked\Application\Runtime\Cache\Admin\531009174daa45cf3261e558bab0d597.php 第 186 行.
NOTIC: [8] Undefined index: issys D:\WWW\ked\Application\Runtime\Cache\Admin\531009174daa45cf3261e558bab0d597.php 第 186 行.
NOTIC: [8] Undefined index: issys D:\WWW\ked\Application\Runtime\Cache\Admin\531009174daa45cf3261e558bab0d597.php 第 186 行.
NOTIC: [8] Undefined index: issys D:\WWW\ked\Application\Runtime\Cache\Admin\531009174daa45cf3261e558bab0d597.php 第 186 行.
INFO: Run Behavior\ParseTemplateBehavior [ RunTime:0.070000s ]
INFO: [ view_parse ] --END-- [ RunTime:0.070000s ]
INFO: [ view_filter ] --START--
INFO: Run Behavior\WriteHtmlCacheBehavior [ RunTime:0.001000s ]
INFO: [ view_filter ] --END-- [ RunTime:0.001000s ]
INFO: [ app_end ] --START--
INFO: Run Behavior\ShowPageTraceBehavior [ RunTime:0.002000s ]
INFO: [ app_end ] --END-- [ RunTime:0.002000s ]

